  Rook.cpp
c:\users\i\desktop\chessgame\chessgame\rook.cpp(10): error C2512: 'Piece' : aucun constructeur par défaut approprié disponible
  c:\users\i\desktop\chessgame\chessgame\piece.h(15): note: voir la déclaration de 'Piece'
  Queen.cpp
c:\users\i\desktop\chessgame\chessgame\queen.cpp(10): error C2512: 'Piece' : aucun constructeur par défaut approprié disponible
  c:\users\i\desktop\chessgame\chessgame\piece.h(15): note: voir la déclaration de 'Piece'
  Pawn.cpp
c:\users\i\desktop\chessgame\chessgame\pawn.cpp(10): error C2512: 'Piece' : aucun constructeur par défaut approprié disponible
  c:\users\i\desktop\chessgame\chessgame\piece.h(15): note: voir la déclaration de 'Piece'
  Knight.cpp
c:\users\i\desktop\chessgame\chessgame\knight.cpp(10): error C2512: 'Piece' : aucun constructeur par défaut approprié disponible
  c:\users\i\desktop\chessgame\chessgame\piece.h(15): note: voir la déclaration de 'Piece'
  King.cpp
c:\users\i\desktop\chessgame\chessgame\king.cpp(10): error C2512: 'Piece' : aucun constructeur par défaut approprié disponible
  c:\users\i\desktop\chessgame\chessgame\piece.h(15): note: voir la déclaration de 'Piece'
  Bishop.cpp
c:\users\i\desktop\chessgame\chessgame\bishop.cpp(10): error C2512: 'Piece' : aucun constructeur par défaut approprié disponible
  c:\users\i\desktop\chessgame\chessgame\piece.h(15): note: voir la déclaration de 'Piece'
  Army.cpp
d:\program files (x86)\microsoft visual studio\2017\enterprise\vc\tools\msvc\14.11.25503\include\memory(1712): error C2664: 'Bishop::Bishop(const Bishop &)' : impossible de convertir l'argument 1 de 'unsigned int *' en 'const Bishop &'
  d:\program files (x86)\microsoft visual studio\2017\enterprise\vc\tools\msvc\14.11.25503\include\memory(1712): note: Raison : impossible de convertir de 'unsigned int *' en 'const Bishop'
  d:\program files (x86)\microsoft visual studio\2017\enterprise\vc\tools\msvc\14.11.25503\include\memory(1712): note: Aucun constructeur n'a pu prendre le type de source, ou la résolution de la surcharge du constructeur était ambiguë
  d:\program files (x86)\microsoft visual studio\2017\enterprise\vc\tools\msvc\14.11.25503\include\memory(1778): note: voir la référence à l'instanciation de la fonction modèle 'std::_Ref_count_obj<_Ty>::_Ref_count_obj<unsigned int*&>(unsigned int *&)' en cours de compilation
          with
          [
              _Ty=Bishop
          ]
  d:\program files (x86)\microsoft visual studio\2017\enterprise\vc\tools\msvc\14.11.25503\include\memory(1778): note: voir la référence à l'instanciation de la fonction modèle 'std::_Ref_count_obj<_Ty>::_Ref_count_obj<unsigned int*&>(unsigned int *&)' en cours de compilation
          with
          [
              _Ty=Bishop
          ]
  c:\users\i\desktop\chessgame\chessgame\army.cpp(13): note: voir la référence à l'instanciation de la fonction modèle 'std::shared_ptr<Bishop> std::make_shared<Bishop,unsigned int*&>(unsigned int *&)' en cours de compilation
  Génération de code en cours...
